<?xml version="1.0" encoding="UTF-8"?>
<!-- Generated by org.testng.reporters.JUnitReportReporter -->
<testsuite skipped="0" hostname="DESKTOP-8CCNVMS" name="com.qa.linkedin.testcase.SearchDDTest" tests="3" failures="0" timestamp="2020-08-19T20:37:21 CDT" time="15.885" errors="0">
  <testcase name="searchPeopleTest" time="4.895" classname="com.qa.linkedin.testcase.SearchDDTest"/>
  <testcase name="searchPeopleTest" time="5.796" classname="com.qa.linkedin.testcase.SearchDDTest"/>
  <testcase name="searchPeopleTest" time="5.194" classname="com.qa.linkedin.testcase.SearchDDTest"/>
</testsuite> <!-- com.qa.linkedin.testcase.SearchDDTest -->
